# JRE version: OpenJDK Runtime Environment (11.0.7+10) (build 11.0.7+10)
# Java VM: OpenJDK 64-Bit Server VM (11.0.7+10, mixed mode, tiered, compressed oops, g1 gc, windows-amd64)
Heap:
 garbage-first heap   total 131072K, used 36278K [0x0000000080e00000, 0x0000000100000000)
  region size 1024K, 32 young (32768K), 3 survivors (3072K)
 Metaspace       used 28849K, capacity 29298K, committed 29568K, reserved 1075200K
  class space    used 2932K, capacity 3104K, committed 3200K, reserved 1048576K
GC Heap History (20 events):
Event: 61.288 GC heap before
{Heap before GC invocations=96 (full 0):
 garbage-first heap   total 131072K, used 68747K [0x0000000080e00000, 0x0000000100000000)
  region size 1024K, 12 young (12288K), 1 survivors (1024K)
 Metaspace       used 18486K, capacity 18713K, committed 18816K, reserved 1067008K
  class space    used 1795K, capacity 1861K, committed 1920K, reserved 1048576K
}
Event: 61.289 GC heap after
{Heap after GC invocations=97 (full 0):
 garbage-first heap   total 131072K, used 8329K [0x0000000080e00000, 0x0000000100000000)
  region size 1024K, 1 young (1024K), 1 survivors (1024K)
 Metaspace       used 18486K, capacity 18713K, committed 18816K, reserved 1067008K
  class space    used 1795K, capacity 1861K, committed 1920K, reserved 1048576K
}
Event: 62.305 GC heap before
{Heap before GC invocations=98 (full 0):
 garbage-first heap   total 131072K, used 60553K [0x0000000080e00000, 0x0000000100000000)
  region size 1024K, 10 young (10240K), 1 survivors (1024K)
 Metaspace       used 18489K, capacity 18713K, committed 18816K, reserved 1067008K
  class space    used 1795K, capacity 1861K, committed 1920K, reserved 1048576K
}
Event: 62.306 GC heap after
{Heap after GC invocations=99 (full 0):
 garbage-first heap   total 131072K, used 10377K [0x0000000080e00000, 0x0000000100000000)
  region size 1024K, 1 young (1024K), 1 survivors (1024K)
 Metaspace       used 18489K, capacity 18713K, committed 18816K, reserved 1067008K
  class space    used 1795K, capacity 1861K, committed 1920K, reserved 1048576K
}
Event: 63.336 GC heap before
{Heap before GC invocations=100 (full 0):
 garbage-first heap   total 131072K, used 65673K [0x0000000080e00000, 0x0000000100000000)
  region size 1024K, 10 young (10240K), 1 survivors (1024K)
 Metaspace       used 18495K, capacity 18713K, committed 18816K, reserved 1067008K
  class space    used 1795K, capacity 1861K, committed 1920K, reserved 1048576K
}
Event: 63.337 GC heap after
{Heap after GC invocations=101 (full 0):
 garbage-first heap   total 131072K, used 13426K [0x0000000080e00000, 0x0000000100000000)
  region size 1024K, 1 young (1024K), 1 survivors (1024K)
 Metaspace       used 18495K, capacity 18713K, committed 18816K, reserved 1067008K
  class space    used 1795K, capacity 1861K, committed 1920K, reserved 1048576K
}
Event: 64.526 GC heap before
{Heap before GC invocations=102 (full 0):
 garbage-first heap   total 131072K, used 69746K [0x0000000080e00000, 0x0000000100000000)
  region size 1024K, 13 young (13312K), 1 survivors (1024K)
 Metaspace       used 18496K, capacity 18713K, committed 18816K, reserved 1067008K
  class space    used 1795K, capacity 1861K, committed 1920K, reserved 1048576K
}
Event: 64.527 GC heap after
{Heap after GC invocations=103 (full 0):
 garbage-first heap   total 131072K, used 10395K [0x0000000080e00000, 0x0000000100000000)
  region size 1024K, 1 young (1024K), 1 survivors (1024K)
 Metaspace       used 18496K, capacity 18713K, committed 18816K, reserved 1067008K
  class space    used 1795K, capacity 1861K, committed 1920K, reserved 1048576K
}
Event: 65.701 GC heap before
{Heap before GC invocations=104 (full 0):
 garbage-first heap   total 131072K, used 67739K [0x0000000080e00000, 0x0000000100000000)
  region size 1024K, 12 young (12288K), 1 survivors (1024K)
 Metaspace       used 18497K, capacity 18713K, committed 18816K, reserved 1067008K
  class space    used 1795K, capacity 1861K, committed 1920K, reserved 1048576K
}
Event: 65.702 GC heap after
{Heap after GC invocations=105 (full 0):
 garbage-first heap   total 131072K, used 7324K [0x0000000080e00000, 0x0000000100000000)
  region size 1024K, 1 young (1024K), 1 survivors (1024K)
 Metaspace       used 18497K, capacity 18713K, committed 18816K, reserved 1067008K
  class space    used 1795K, capacity 1861K, committed 1920K, reserved 1048576K
}
Event: 67.070 GC heap before
{Heap before GC invocations=106 (full 0):
 garbage-first heap   total 131072K, used 69788K [0x0000000080e00000, 0x0000000100000000)
  region size 1024K, 13 young (13312K), 1 survivors (1024K)
 Metaspace       used 18497K, capacity 18713K, committed 18816K, reserved 1067008K
  class space    used 1795K, capacity 1861K, committed 1920K, reserved 1048576K
}
Event: 67.072 GC heap after
{Heap after GC invocations=107 (full 0):
 garbage-first heap   total 131072K, used 6700K [0x0000000080e00000, 0x0000000100000000)
  region size 1024K, 1 young (1024K), 1 survivors (1024K)
 Metaspace       used 18497K, capacity 18713K, committed 18816K, reserved 1067008K
  class space    used 1795K, capacity 1861K, committed 1920K, reserved 1048576K
}
Event: 68.618 GC heap before
{Heap before GC invocations=108 (full 0):
 garbage-first heap   total 131072K, used 72236K [0x0000000080e00000, 0x0000000100000000)
  region size 1024K, 15 young (15360K), 1 survivors (1024K)
 Metaspace       used 18497K, capacity 18713K, committed 18816K, reserved 1067008K
  class space    used 1795K, capacity 1861K, committed 1920K, reserved 1048576K
}
Event: 68.619 GC heap after
{Heap after GC invocations=109 (full 0):
 garbage-first heap   total 131072K, used 10351K [0x0000000080e00000, 0x0000000100000000)
  region size 1024K, 1 young (1024K), 1 survivors (1024K)
 Metaspace       used 18497K, capacity 18713K, committed 18816K, reserved 1067008K
  class space    used 1795K, capacity 1861K, committed 1920K, reserved 1048576K
}
Event: 69.783 GC heap before
{Heap before GC invocations=110 (full 0):
 garbage-first heap   total 131072K, used 68719K [0x0000000080e00000, 0x0000000100000000)
  region size 1024K, 12 young (12288K), 1 survivors (1024K)
 Metaspace       used 18497K, capacity 18713K, committed 18816K, reserved 1067008K
  class space    used 1795K, capacity 1861K, committed 1920K, reserved 1048576K
}
Event: 69.785 GC heap after
{Heap after GC invocations=111 (full 0):
 garbage-first heap   total 131072K, used 8379K [0x0000000080e00000, 0x0000000100000000)
  region size 1024K, 1 young (1024K), 1 survivors (1024K)
 Metaspace       used 18497K, capacity 18713K, committed 18816K, reserved 1067008K
  class space    used 1795K, capacity 1861K, committed 1920K, reserved 1048576K
}
Event: 71.143 GC heap before
{Heap before GC invocations=112 (full 0):
 garbage-first heap   total 131072K, used 68795K [0x0000000080e00000, 0x0000000100000000)
  region size 1024K, 12 young (12288K), 1 survivors (1024K)
 Metaspace       used 18497K, capacity 18713K, committed 18816K, reserved 1067008K
  class space    used 1795K, capacity 1861K, committed 1920K, reserved 1048576K
}
Event: 71.144 GC heap after
{Heap after GC invocations=113 (full 0):
 garbage-first heap   total 131072K, used 6718K [0x0000000080e00000, 0x0000000100000000)
  region size 1024K, 1 young (1024K), 1 survivors (1024K)
 Metaspace       used 18497K, capacity 18713K, committed 18816K, reserved 1067008K
  class space    used 1795K, capacity 1861K, committed 1920K, reserved 1048576K
}
Event: 2827.633 GC heap before
{Heap before GC invocations=114 (full 0):
 garbage-first heap   total 131072K, used 102974K [0x0000000080e00000, 0x0000000100000000)
  region size 1024K, 76 young (77824K), 1 survivors (1024K)
 Metaspace       used 28588K, capacity 29039K, committed 29312K, reserved 1075200K
  class space    used 2920K, capacity 3103K, committed 3200K, reserved 1048576K
}
Event: 2827.646 GC heap after
{Heap after GC invocations=115 (full 0):
 garbage-first heap   total 131072K, used 8630K [0x0000000080e00000, 0x0000000100000000)
  region size 1024K, 3 young (3072K), 3 survivors (3072K)
 Metaspace       used 28588K, capacity 29039K, committed 29312K, reserved 1075200K
  class space    used 2920K, capacity 3103K, committed 3200K, reserved 1048576K
}

